This is pdfTeX, Version 3.141592653-2.6-1.40.25 (TeX Live 2023) (preloaded format=pdflatex 2023.4.29)  6 NOV 2023 00:28
entering extended mode
 restricted \write18 enabled.
 file:line:error style messages enabled.
 %&-line parsing enabled.
**presentation.tex
(./presentation.tex
LaTeX2e <2022-11-01> patch level 1
L3 programming layer <2023-02-22> (/usr/local/texlive/2023/texmf-dist/tex/latex/beamer/beamer.cls
Document Class: beamer 2023/02/20 v3.69 A class for typesetting presentations
(/usr/local/texlive/2023/texmf-dist/tex/latex/beamer/beamerbasemodes.sty (/usr/local/texlive/2023/texmf-dist/tex/latex/etoolbox/etoolbox.sty
Package: etoolbox 2020/10/05 v2.5k e-TeX tools for LaTeX (JAW)
\etb@tempcnta=\count185
)
\beamer@tempbox=\box51
\beamer@tempcount=\count186
\c@beamerpauses=\count187
 (/usr/local/texlive/2023/texmf-dist/tex/latex/beamer/beamerbasedecode.sty
\beamer@slideinframe=\count188
\beamer@minimum=\count189
\beamer@decode@box=\box52
)
\beamer@commentbox=\box53
\beamer@modecount=\count190
) (/usr/local/texlive/2023/texmf-dist/tex/generic/iftex/iftex.sty
Package: iftex 2022/02/03 v1.0f TeX engine tests
)
\headdp=\dimen140
\footheight=\dimen141
\sidebarheight=\dimen142
\beamer@tempdim=\dimen143
\beamer@finalheight=\dimen144
\beamer@animht=\dimen145
\beamer@animdp=\dimen146
\beamer@animwd=\dimen147
\beamer@leftmargin=\dimen148
\beamer@rightmargin=\dimen149
\beamer@leftsidebar=\dimen150
\beamer@rightsidebar=\dimen151
\beamer@boxsize=\dimen152
\beamer@vboxoffset=\dimen153
\beamer@descdefault=\dimen154
\beamer@descriptionwidth=\dimen155
\beamer@lastskip=\skip48
\beamer@areabox=\box54
\beamer@animcurrent=\box55
\beamer@animshowbox=\box56
\beamer@sectionbox=\box57
\beamer@logobox=\box58
\beamer@linebox=\box59
\beamer@sectioncount=\count191
\beamer@subsubsectionmax=\count192
\beamer@subsectionmax=\count193
\beamer@sectionmax=\count194
\beamer@totalheads=\count195
\beamer@headcounter=\count196
\beamer@partstartpage=\count197
\beamer@sectionstartpage=\count198
\beamer@subsectionstartpage=\count199
\beamer@animationtempa=\count266
\beamer@animationtempb=\count267
\beamer@xpos=\count268
\beamer@ypos=\count269
\beamer@ypos@offset=\count270
\beamer@showpartnumber=\count271
\beamer@currentsubsection=\count272
\beamer@coveringdepth=\count273
\beamer@sectionadjust=\count274
\beamer@toclastsection=\count275
\beamer@tocsectionnumber=\count276
 (/usr/local/texlive/2023/texmf-dist/tex/latex/beamer/beamerbaseoptions.sty (/usr/local/texlive/2023/texmf-dist/tex/latex/graphics/keyval.sty
Package: keyval 2022/05/29 v1.15 key=value parser (DPC)
\KV@toks@=\toks16
))
\beamer@paperwidth=\skip49
\beamer@paperheight=\skip50
 (/usr/local/texlive/2023/texmf-dist/tex/latex/geometry/geometry.sty
Package: geometry 2020/01/02 v5.9 Page Geometry
 (/usr/local/texlive/2023/texmf-dist/tex/generic/iftex/ifvtex.sty
Package: ifvtex 2019/10/25 v1.7 ifvtex legacy package. Use iftex instead.
)
\Gm@cnth=\count277
\Gm@cntv=\count278
\c@Gm@tempcnt=\count279
\Gm@bindingoffset=\dimen156
\Gm@wd@mp=\dimen157
\Gm@odd@mp=\dimen158
\Gm@even@mp=\dimen159
\Gm@layoutwidth=\dimen160
\Gm@layoutheight=\dimen161
\Gm@layouthoffset=\dimen162
\Gm@layoutvoffset=\dimen163
\Gm@dimlist=\toks17
) (/usr/local/texlive/2023/texmf-dist/tex/latex/pgf/math/pgfmath.sty (/usr/local/texlive/2023/texmf-dist/tex/latex/pgf/utilities/pgfrcs.sty (/usr/local/texlive/2023/texmf-dist/tex/generic/pgf/utilities/pgfutil-common.tex
\pgfutil@everybye=\toks18
\pgfutil@tempdima=\dimen164
\pgfutil@tempdimb=\dimen165
) (/usr/local/texlive/2023/texmf-dist/tex/generic/pgf/utilities/pgfutil-latex.def
\pgfutil@abb=\box60
) (/usr/local/texlive/2023/texmf-dist/tex/generic/pgf/utilities/pgfrcs.code.tex (/usr/local/texlive/2023/texmf-dist/tex/generic/pgf/pgf.revision.tex)
Package: pgfrcs 2023-01-15 v3.1.10 (3.1.10)
)) (/usr/local/texlive/2023/texmf-dist/tex/latex/pgf/utilities/pgfkeys.sty (/usr/local/texlive/2023/texmf-dist/tex/generic/pgf/utilities/pgfkeys.code.tex
\pgfkeys@pathtoks=\toks19
\pgfkeys@temptoks=\toks20
 (/usr/local/texlive/2023/texmf-dist/tex/generic/pgf/utilities/pgfkeyslibraryfiltered.code.tex
\pgfkeys@tmptoks=\toks21
))) (/usr/local/texlive/2023/texmf-dist/tex/generic/pgf/math/pgfmath.code.tex (/usr/local/texlive/2023/texmf-dist/tex/generic/pgf/math/pgfmathutil.code.tex
\pgf@x=\dimen166
\pgf@xa=\dimen167
\pgf@xb=\dimen168
\pgf@xc=\dimen169
\pgf@y=\dimen170
\pgf@ya=\dimen171
\pgf@yb=\dimen172
\pgf@yc=\dimen173
\c@pgf@counta=\count280
\c@pgf@countb=\count281
\c@pgf@countc=\count282
\c@pgf@countd=\count283
) (/usr/local/texlive/2023/texmf-dist/tex/generic/pgf/math/pgfmathparser.code.tex
\pgfmath@dimen=\dimen174
\pgfmath@count=\count284
\pgfmath@box=\box61
\pgfmath@toks=\toks22
\pgfmath@stack@operand=\toks23
\pgfmath@stack@operation=\toks24
) (/usr/local/texlive/2023/texmf-dist/tex/generic/pgf/math/pgfmathfunctions.code.tex) (/usr/local/texlive/2023/texmf-dist/tex/generic/pgf/math/pgfmathfunctions.basic.code.tex) (/usr/local/texlive/2023/texmf-dist/tex/generic/pgf/math/pgfmathfunctions.trigonometric.code.tex) (/usr/local/texlive/2023/texmf-dist/tex/generic/pgf/math/pgfmathfunctions.random.code.tex) (/usr/local/texlive/2023/texmf-dist/tex/generic/pgf/math/pgfmathfunctions.comparison.code.tex)
(/usr/local/texlive/2023/texmf-dist/tex/generic/pgf/math/pgfmathfunctions.base.code.tex) (/usr/local/texlive/2023/texmf-dist/tex/generic/pgf/math/pgfmathfunctions.round.code.tex) (/usr/local/texlive/2023/texmf-dist/tex/generic/pgf/math/pgfmathfunctions.misc.code.tex) (/usr/local/texlive/2023/texmf-dist/tex/generic/pgf/math/pgfmathfunctions.integerarithmetics.code.tex) (/usr/local/texlive/2023/texmf-dist/tex/generic/pgf/math/pgfmathcalc.code.tex) (/usr/local/texlive/2023/texmf-dist/tex/generic/pgf/math/pgfmathfloat.code.tex
\c@pgfmathroundto@lastzeros=\count285
))) (/usr/local/texlive/2023/texmf-dist/tex/latex/base/size10.clo
File: size10.clo 2022/07/02 v1.4n Standard LaTeX file (size option)
) (/usr/local/texlive/2023/texmf-dist/tex/latex/pgf/basiclayer/pgfcore.sty (/usr/local/texlive/2023/texmf-dist/tex/latex/graphics/graphicx.sty
Package: graphicx 2021/09/16 v1.2d Enhanced LaTeX Graphics (DPC,SPQR)
 (/usr/local/texlive/2023/texmf-dist/tex/latex/graphics/graphics.sty
Package: graphics 2022/03/10 v1.4e Standard LaTeX Graphics (DPC,SPQR)
 (/usr/local/texlive/2023/texmf-dist/tex/latex/graphics/trig.sty
Package: trig 2021/08/11 v1.11 sin cos tan (DPC)
) (/usr/local/texlive/2023/texmf-dist/tex/latex/graphics-cfg/graphics.cfg
File: graphics.cfg 2016/06/04 v1.11 sample graphics configuration
)
Package graphics Info: Driver file: pdftex.def on input line 107.
 (/usr/local/texlive/2023/texmf-dist/tex/latex/graphics-def/pdftex.def
File: pdftex.def 2022/09/22 v1.2b Graphics/color driver for pdftex
))
\Gin@req@height=\dimen175
\Gin@req@width=\dimen176
) (/usr/local/texlive/2023/texmf-dist/tex/latex/pgf/systemlayer/pgfsys.sty (/usr/local/texlive/2023/texmf-dist/tex/generic/pgf/systemlayer/pgfsys.code.tex
Package: pgfsys 2023-01-15 v3.1.10 (3.1.10)
\pgf@x=\dimen177
\pgf@y=\dimen178
\pgf@xa=\dimen179
\pgf@ya=\dimen180
\pgf@xb=\dimen181
\pgf@yb=\dimen182
\pgf@xc=\dimen183
\pgf@yc=\dimen184
\pgf@xd=\dimen185
\pgf@yd=\dimen186
\w@pgf@writea=\write3
\r@pgf@reada=\read2
\c@pgf@counta=\count286
\c@pgf@countb=\count287
\c@pgf@countc=\count288
\c@pgf@countd=\count289
\t@pgf@toka=\toks25
\t@pgf@tokb=\toks26
\t@pgf@tokc=\toks27
\pgf@sys@id@count=\count290
 (/usr/local/texlive/2023/texmf-dist/tex/generic/pgf/systemlayer/pgf.cfg
File: pgf.cfg 2023-01-15 v3.1.10 (3.1.10)
)
Driver file for pgf: pgfsys-pdftex.def
 (/usr/local/texlive/2023/texmf-dist/tex/generic/pgf/systemlayer/pgfsys-pdftex.def
File: pgfsys-pdftex.def 2023-01-15 v3.1.10 (3.1.10)
 (/usr/local/texlive/2023/texmf-dist/tex/generic/pgf/systemlayer/pgfsys-common-pdf.def
File: pgfsys-common-pdf.def 2023-01-15 v3.1.10 (3.1.10)
))) (/usr/local/texlive/2023/texmf-dist/tex/generic/pgf/systemlayer/pgfsyssoftpath.code.tex
File: pgfsyssoftpath.code.tex 2023-01-15 v3.1.10 (3.1.10)
\pgfsyssoftpath@smallbuffer@items=\count291
\pgfsyssoftpath@bigbuffer@items=\count292
) (/usr/local/texlive/2023/texmf-dist/tex/generic/pgf/systemlayer/pgfsysprotocol.code.tex
File: pgfsysprotocol.code.tex 2023-01-15 v3.1.10 (3.1.10)
)) (/usr/local/texlive/2023/texmf-dist/tex/latex/xcolor/xcolor.sty
Package: xcolor 2022/06/12 v2.14 LaTeX color extensions (UK)
 (/usr/local/texlive/2023/texmf-dist/tex/latex/graphics-cfg/color.cfg
File: color.cfg 2016/01/02 v1.6 sample color configuration
)
Package xcolor Info: Driver file: pdftex.def on input line 227.
 (/usr/local/texlive/2023/texmf-dist/tex/latex/graphics/mathcolor.ltx)
Package xcolor Info: Model `cmy' substituted by `cmy0' on input line 1353.
Package xcolor Info: Model `hsb' substituted by `rgb' on input line 1357.
Package xcolor Info: Model `RGB' extended on input line 1369.
Package xcolor Info: Model `HTML' substituted by `rgb' on input line 1371.
Package xcolor Info: Model `Hsb' substituted by `hsb' on input line 1372.
Package xcolor Info: Model `tHsb' substituted by `hsb' on input line 1373.
Package xcolor Info: Model `HSB' substituted by `hsb' on input line 1374.
Package xcolor Info: Model `Gray' substituted by `gray' on input line 1375.
Package xcolor Info: Model `wave' substituted by `hsb' on input line 1376.
) (/usr/local/texlive/2023/texmf-dist/tex/generic/pgf/basiclayer/pgfcore.code.tex
Package: pgfcore 2023-01-15 v3.1.10 (3.1.10)
 (/usr/local/texlive/2023/texmf-dist/tex/generic/pgf/math/pgfint.code.tex)
(/usr/local/texlive/2023/texmf-dist/tex/generic/pgf/basiclayer/pgfcorepoints.code.tex
File: pgfcorepoints.code.tex 2023-01-15 v3.1.10 (3.1.10)
\pgf@picminx=\dimen187
\pgf@picmaxx=\dimen188
\pgf@picminy=\dimen189
\pgf@picmaxy=\dimen190
\pgf@pathminx=\dimen191
\pgf@pathmaxx=\dimen192
\pgf@pathminy=\dimen193
\pgf@pathmaxy=\dimen194
\pgf@xx=\dimen195
\pgf@xy=\dimen196
\pgf@yx=\dimen197
\pgf@yy=\dimen198
\pgf@zx=\dimen199
\pgf@zy=\dimen256
) (/usr/local/texlive/2023/texmf-dist/tex/generic/pgf/basiclayer/pgfcorepathconstruct.code.tex
File: pgfcorepathconstruct.code.tex 2023-01-15 v3.1.10 (3.1.10)
\pgf@path@lastx=\dimen257
\pgf@path@lasty=\dimen258
) (/usr/local/texlive/2023/texmf-dist/tex/generic/pgf/basiclayer/pgfcorepathusage.code.tex
File: pgfcorepathusage.code.tex 2023-01-15 v3.1.10 (3.1.10)
\pgf@shorten@end@additional=\dimen259
\pgf@shorten@start@additional=\dimen260
) (/usr/local/texlive/2023/texmf-dist/tex/generic/pgf/basiclayer/pgfcorescopes.code.tex
File: pgfcorescopes.code.tex 2023-01-15 v3.1.10 (3.1.10)
\pgfpic=\box62
\pgf@hbox=\box63
\pgf@layerbox@main=\box64
\pgf@picture@serial@count=\count293
) (/usr/local/texlive/2023/texmf-dist/tex/generic/pgf/basiclayer/pgfcoregraphicstate.code.tex
File: pgfcoregraphicstate.code.tex 2023-01-15 v3.1.10 (3.1.10)
\pgflinewidth=\dimen261
) (/usr/local/texlive/2023/texmf-dist/tex/generic/pgf/basiclayer/pgfcoretransformations.code.tex
File: pgfcoretransformations.code.tex 2023-01-15 v3.1.10 (3.1.10)
\pgf@pt@x=\dimen262
\pgf@pt@y=\dimen263
\pgf@pt@temp=\dimen264
) (/usr/local/texlive/2023/texmf-dist/tex/generic/pgf/basiclayer/pgfcorequick.code.tex
File: pgfcorequick.code.tex 2023-01-15 v3.1.10 (3.1.10)
) (/usr/local/texlive/2023/texmf-dist/tex/generic/pgf/basiclayer/pgfcoreobjects.code.tex
File: pgfcoreobjects.code.tex 2023-01-15 v3.1.10 (3.1.10)
) (/usr/local/texlive/2023/texmf-dist/tex/generic/pgf/basiclayer/pgfcorepathprocessing.code.tex
File: pgfcorepathprocessing.code.tex 2023-01-15 v3.1.10 (3.1.10)
) (/usr/local/texlive/2023/texmf-dist/tex/generic/pgf/basiclayer/pgfcorearrows.code.tex
File: pgfcorearrows.code.tex 2023-01-15 v3.1.10 (3.1.10)
\pgfarrowsep=\dimen265
) (/usr/local/texlive/2023/texmf-dist/tex/generic/pgf/basiclayer/pgfcoreshade.code.tex
File: pgfcoreshade.code.tex 2023-01-15 v3.1.10 (3.1.10)
\pgf@max=\dimen266
\pgf@sys@shading@range@num=\count294
\pgf@shadingcount=\count295
) (/usr/local/texlive/2023/texmf-dist/tex/generic/pgf/basiclayer/pgfcoreimage.code.tex
File: pgfcoreimage.code.tex 2023-01-15 v3.1.10 (3.1.10)
) (/usr/local/texlive/2023/texmf-dist/tex/generic/pgf/basiclayer/pgfcoreexternal.code.tex
File: pgfcoreexternal.code.tex 2023-01-15 v3.1.10 (3.1.10)
\pgfexternal@startupbox=\box65
) (/usr/local/texlive/2023/texmf-dist/tex/generic/pgf/basiclayer/pgfcorelayers.code.tex
File: pgfcorelayers.code.tex 2023-01-15 v3.1.10 (3.1.10)
) (/usr/local/texlive/2023/texmf-dist/tex/generic/pgf/basiclayer/pgfcoretransparency.code.tex
File: pgfcoretransparency.code.tex 2023-01-15 v3.1.10 (3.1.10)
) (/usr/local/texlive/2023/texmf-dist/tex/generic/pgf/basiclayer/pgfcorepatterns.code.tex
File: pgfcorepatterns.code.tex 2023-01-15 v3.1.10 (3.1.10)
) (/usr/local/texlive/2023/texmf-dist/tex/generic/pgf/basiclayer/pgfcorerdf.code.tex
File: pgfcorerdf.code.tex 2023-01-15 v3.1.10 (3.1.10)
))) (/usr/local/texlive/2023/texmf-dist/tex/latex/pgf/utilities/xxcolor.sty
Package: xxcolor 2003/10/24 ver 0.1
\XC@nummixins=\count296
\XC@countmixins=\count297
) (/usr/local/texlive/2023/texmf-dist/tex/latex/base/atbegshi-ltx.sty
Package: atbegshi-ltx 2021/01/10 v1.0c Emulation of the original atbegshi
package with kernel methods
) (/usr/local/texlive/2023/texmf-dist/tex/latex/hyperref/hyperref.sty
Package: hyperref 2023-02-07 v7.00v Hypertext links for LaTeX
 (/usr/local/texlive/2023/texmf-dist/tex/generic/ltxcmds/ltxcmds.sty
Package: ltxcmds 2020-05-10 v1.25 LaTeX kernel commands for general use (HO)
) (/usr/local/texlive/2023/texmf-dist/tex/generic/pdftexcmds/pdftexcmds.sty
Package: pdftexcmds 2020-06-27 v0.33 Utility functions of pdfTeX for LuaTeX (HO)
 (/usr/local/texlive/2023/texmf-dist/tex/generic/infwarerr/infwarerr.sty
Package: infwarerr 2019/12/03 v1.5 Providing info/warning/error messages (HO)
)
Package pdftexcmds Info: \pdf@primitive is available.
Package pdftexcmds Info: \pdf@ifprimitive is available.
Package pdftexcmds Info: \pdfdraftmode found.
)
(/usr/local/texlive/2023/texmf-dist/tex/latex/kvsetkeys/kvsetkeys.sty
Package: kvsetkeys 2022-10-05 v1.19 Key value parser (HO)
) (/usr/local/texlive/2023/texmf-dist/tex/generic/kvdefinekeys/kvdefinekeys.sty
Package: kvdefinekeys 2019-12-19 v1.6 Define keys (HO)
) (/usr/local/texlive/2023/texmf-dist/tex/generic/pdfescape/pdfescape.sty
Package: pdfescape 2019/12/09 v1.15 Implements pdfTeX's escape features (HO)
) (/usr/local/texlive/2023/texmf-dist/tex/latex/hycolor/hycolor.sty
Package: hycolor 2020-01-27 v1.10 Color options for hyperref/bookmark (HO)
) (/usr/local/texlive/2023/texmf-dist/tex/latex/letltxmacro/letltxmacro.sty
Package: letltxmacro 2019/12/03 v1.6 Let assignment for LaTeX macros (HO)
) (/usr/local/texlive/2023/texmf-dist/tex/latex/auxhook/auxhook.sty
Package: auxhook 2019-12-17 v1.6 Hooks for auxiliary files (HO)
) (/usr/local/texlive/2023/texmf-dist/tex/latex/hyperref/nameref.sty
Package: nameref 2022-05-17 v2.50 Cross-referencing by name of section
 (/usr/local/texlive/2023/texmf-dist/tex/latex/refcount/refcount.sty
Package: refcount 2019/12/15 v3.6 Data extraction from label references (HO)
) (/usr/local/texlive/2023/texmf-dist/tex/generic/gettitlestring/gettitlestring.sty
Package: gettitlestring 2019/12/15 v1.6 Cleanup title references (HO)
 (/usr/local/texlive/2023/texmf-dist/tex/latex/kvoptions/kvoptions.sty
Package: kvoptions 2022-06-15 v3.15 Key value format for package options (HO)
))
\c@section@level=\count298
)
\@linkdim=\dimen267
\Hy@linkcounter=\count299
\Hy@pagecounter=\count300
 (/usr/local/texlive/2023/texmf-dist/tex/latex/hyperref/pd1enc.def
File: pd1enc.def 2023-02-07 v7.00v Hyperref: PDFDocEncoding definition (HO)
Now handling font encoding PD1 ...
... no UTF-8 mapping file for font encoding PD1
) (/usr/local/texlive/2023/texmf-dist/tex/generic/intcalc/intcalc.sty
Package: intcalc 2019/12/15 v1.3 Expandable calculations with integers (HO)
) (/usr/local/texlive/2023/texmf-dist/tex/generic/etexcmds/etexcmds.sty
Package: etexcmds 2019/12/15 v1.7 Avoid name clashes with e-TeX commands (HO)
)
\Hy@SavedSpaceFactor=\count301
 (/usr/local/texlive/2023/texmf-dist/tex/latex/hyperref/puenc.def
File: puenc.def 2023-02-07 v7.00v Hyperref: PDF Unicode definition (HO)
Now handling font encoding PU ...
... no UTF-8 mapping file for font encoding PU
)
Package hyperref Info: Option `bookmarks' set `true' on input line 4060.
Package hyperref Info: Option `bookmarksopen' set `true' on input line 4060.
Package hyperref Info: Option `implicit' set `false' on input line 4060.
Package hyperref Info: Hyper figures OFF on input line 4177.
Package hyperref Info: Link nesting OFF on input line 4182.
Package hyperref Info: Hyper index ON on input line 4185.
Package hyperref Info: Plain pages OFF on input line 4192.
Package hyperref Info: Backreferencing OFF on input line 4197.
Package hyperref Info: Implicit mode OFF; no redefinition of LaTeX internals.
Package hyperref Info: Bookmarks ON on input line 4425.
\c@Hy@tempcnt=\count302
 (/usr/local/texlive/2023/texmf-dist/tex/latex/url/url.sty
\Urlmuskip=\muskip16
Package: url 2013/09/16  ver 3.4  Verb mode for urls, etc.
)
LaTeX Info: Redefining \url on input line 4763.
\XeTeXLinkMargin=\dimen268
 (/usr/local/texlive/2023/texmf-dist/tex/generic/bitset/bitset.sty
Package: bitset 2019/12/09 v1.3 Handle bit-vector datatype (HO)
 (/usr/local/texlive/2023/texmf-dist/tex/generic/bigintcalc/bigintcalc.sty
Package: bigintcalc 2019/12/15 v1.5 Expandable calculations on big integers (HO)
))
\Fld@menulength=\count303
\Field@Width=\dimen269
\Fld@charsize=\dimen270
Package hyperref Info: Hyper figures OFF on input line 6042.
Package hyperref Info: Link nesting OFF on input line 6047.
Package hyperref Info: Hyper index ON on input line 6050.
Package hyperref Info: backreferencing OFF on input line 6057.
Package hyperref Info: Link coloring OFF on input line 6062.
Package hyperref Info: Link coloring with OCG OFF on input line 6067.
Package hyperref Info: PDF/A mode OFF on input line 6072.
\Hy@abspage=\count304


Package hyperref Message: Stopped early.

)
Package hyperref Info: Driver (autodetected): hpdftex.
 (/usr/local/texlive/2023/texmf-dist/tex/latex/hyperref/hpdftex.def
File: hpdftex.def 2023-02-07 v7.00v Hyperref driver for pdfTeX
 (/usr/local/texlive/2023/texmf-dist/tex/latex/base/atveryend-ltx.sty
Package: atveryend-ltx 2020/08/19 v1.0a Emulation of the original atveryend package
with kernel methods
)
\Fld@listcount=\count305
\c@bookmark@seq@number=\count306
 (/usr/local/texlive/2023/texmf-dist/tex/latex/rerunfilecheck/rerunfilecheck.sty
Package: rerunfilecheck 2022-07-10 v1.10 Rerun checks for auxiliary files (HO)
 (/usr/local/texlive/2023/texmf-dist/tex/generic/uniquecounter/uniquecounter.sty
Package: uniquecounter 2019/12/15 v1.4 Provide unlimited unique counter (HO)
)
Package uniquecounter Info: New unique counter `rerunfilecheck' on input line 285.
)) (/usr/local/texlive/2023/texmf-dist/tex/latex/beamer/beamerbaserequires.sty (/usr/local/texlive/2023/texmf-dist/tex/latex/beamer/beamerbasecompatibility.sty) (/usr/local/texlive/2023/texmf-dist/tex/latex/beamer/beamerbasefont.sty (/usr/local/texlive/2023/texmf-dist/tex/latex/amsfonts/amssymb.sty
Package: amssymb 2013/01/14 v3.01 AMS font symbols
 (/usr/local/texlive/2023/texmf-dist/tex/latex/amsfonts/amsfonts.sty
Package: amsfonts 2013/01/14 v3.01 Basic AMSFonts support
\@emptytoks=\toks28
\symAMSa=\mathgroup4
\symAMSb=\mathgroup5
LaTeX Font Info:    Redeclaring math symbol \hbar on input line 98.
LaTeX Font Info:    Overwriting math alphabet `\mathfrak' in version `bold'
(Font)                  U/euf/m/n --> U/euf/b/n on input line 106.
)) (/usr/local/texlive/2023/texmf-dist/tex/latex/sansmathaccent/sansmathaccent.sty
Package: sansmathaccent 2020/01/31
 (/usr/local/texlive/2023/texmf-dist/tex/latex/koma-script/scrlfile.sty
Package: scrlfile 2022/10/12 v3.38 KOMA-Script package (file load hooks)
 (/usr/local/texlive/2023/texmf-dist/tex/latex/koma-script/scrlfile-hook.sty
Package: scrlfile-hook 2022/10/12 v3.38 KOMA-Script package (using LaTeX hooks)
 (/usr/local/texlive/2023/texmf-dist/tex/latex/koma-script/scrlogo.sty
Package: scrlogo 2022/10/12 v3.38 KOMA-Script package (logo)
))))) (/usr/local/texlive/2023/texmf-dist/tex/latex/beamer/beamerbasetranslator.sty (/usr/local/texlive/2023/texmf-dist/tex/latex/translator/translator.sty
Package: translator 2021-05-31 v1.12d Easy translation of strings in LaTeX
)) (/usr/local/texlive/2023/texmf-dist/tex/latex/beamer/beamerbasemisc.sty) (/usr/local/texlive/2023/texmf-dist/tex/latex/beamer/beamerbasetwoscreens.sty) (/usr/local/texlive/2023/texmf-dist/tex/latex/beamer/beamerbaseoverlay.sty
\beamer@argscount=\count307
\beamer@lastskipcover=\skip51
\beamer@trivlistdepth=\count308
) (/usr/local/texlive/2023/texmf-dist/tex/latex/beamer/beamerbasetitle.sty) (/usr/local/texlive/2023/texmf-dist/tex/latex/beamer/beamerbasesection.sty
\c@lecture=\count309
\c@part=\count310
\c@section=\count311
\c@subsection=\count312
\c@subsubsection=\count313
) (/usr/local/texlive/2023/texmf-dist/tex/latex/beamer/beamerbaseframe.sty
\beamer@framebox=\box66
\beamer@frametitlebox=\box67
\beamer@zoombox=\box68
\beamer@zoomcount=\count314
\beamer@zoomframecount=\count315
\beamer@frametextheight=\dimen271
\c@subsectionslide=\count316
\beamer@frametopskip=\skip52
\beamer@framebottomskip=\skip53
\beamer@frametopskipautobreak=\skip54
\beamer@framebottomskipautobreak=\skip55
\beamer@envbody=\toks29
\framewidth=\dimen272
\c@framenumber=\count317
) (/usr/local/texlive/2023/texmf-dist/tex/latex/beamer/beamerbaseverbatim.sty
\beamer@verbatimfileout=\write4
) (/usr/local/texlive/2023/texmf-dist/tex/latex/beamer/beamerbaseframesize.sty
\beamer@splitbox=\box69
\beamer@autobreakcount=\count318
\beamer@autobreaklastheight=\dimen273
\beamer@frametitletoks=\toks30
\beamer@framesubtitletoks=\toks31
) (/usr/local/texlive/2023/texmf-dist/tex/latex/beamer/beamerbaseframecomponents.sty
\beamer@footins=\box70
) (/usr/local/texlive/2023/texmf-dist/tex/latex/beamer/beamerbasecolor.sty) (/usr/local/texlive/2023/texmf-dist/tex/latex/beamer/beamerbasenotes.sty
\beamer@frameboxcopy=\box71
)
(/usr/local/texlive/2023/texmf-dist/tex/latex/beamer/beamerbasetoc.sty) (/usr/local/texlive/2023/texmf-dist/tex/latex/beamer/beamerbasetemplates.sty
\beamer@sbttoks=\toks32
 (/usr/local/texlive/2023/texmf-dist/tex/latex/beamer/beamerbaseauxtemplates.sty (/usr/local/texlive/2023/texmf-dist/tex/latex/beamer/beamerbaseboxes.sty
\bmb@box=\box72
\bmb@colorbox=\box73
\bmb@boxwidth=\dimen274
\bmb@boxheight=\dimen275
\bmb@prevheight=\dimen276
\bmb@temp=\dimen277
\bmb@dima=\dimen278
\bmb@dimb=\dimen279
\bmb@prevheight=\dimen280
)
\beamer@blockheadheight=\dimen281
)) (/usr/local/texlive/2023/texmf-dist/tex/latex/beamer/beamerbaselocalstructure.sty (/usr/local/texlive/2023/texmf-dist/tex/latex/tools/enumerate.sty
Package: enumerate 2015/07/23 v3.00 enumerate extensions (DPC)
\@enLab=\toks33
)
\beamer@bibiconwidth=\skip56
\c@figure=\count319
\c@table=\count320
\abovecaptionskip=\skip57
\belowcaptionskip=\skip58
) (/usr/local/texlive/2023/texmf-dist/tex/latex/beamer/beamerbasenavigation.sty (/usr/local/texlive/2023/texmf-dist/tex/latex/beamer/beamerbasenavigationsymbols.tex)
\beamer@section@min@dim=\dimen282
) (/usr/local/texlive/2023/texmf-dist/tex/latex/beamer/beamerbasetheorems.sty (/usr/local/texlive/2023/texmf-dist/tex/latex/amsmath/amsmath.sty
Package: amsmath 2022/04/08 v2.17n AMS math features
\@mathmargin=\skip59

For additional information on amsmath, use the `?' option.
(/usr/local/texlive/2023/texmf-dist/tex/latex/amsmath/amstext.sty
Package: amstext 2021/08/26 v2.01 AMS text
 (/usr/local/texlive/2023/texmf-dist/tex/latex/amsmath/amsgen.sty
File: amsgen.sty 1999/11/30 v2.0 generic functions
\@emptytoks=\toks34
\ex@=\dimen283
)) (/usr/local/texlive/2023/texmf-dist/tex/latex/amsmath/amsbsy.sty
Package: amsbsy 1999/11/29 v1.2d Bold Symbols
\pmbraise@=\dimen284
) (/usr/local/texlive/2023/texmf-dist/tex/latex/amsmath/amsopn.sty
Package: amsopn 2022/04/08 v2.04 operator names
)
\inf@bad=\count321
LaTeX Info: Redefining \frac on input line 234.
\uproot@=\count322
\leftroot@=\count323
LaTeX Info: Redefining \overline on input line 399.
LaTeX Info: Redefining \colon on input line 410.
\classnum@=\count324
\DOTSCASE@=\count325
LaTeX Info: Redefining \ldots on input line 496.
LaTeX Info: Redefining \dots on input line 499.
LaTeX Info: Redefining \cdots on input line 620.
\Mathstrutbox@=\box74
\strutbox@=\box75
LaTeX Info: Redefining \big on input line 722.
LaTeX Info: Redefining \Big on input line 723.
LaTeX Info: Redefining \bigg on input line 724.
LaTeX Info: Redefining \Bigg on input line 725.
\big@size=\dimen285
LaTeX Font Info:    Redeclaring font encoding OML on input line 743.
LaTeX Font Info:    Redeclaring font encoding OMS on input line 744.
\macc@depth=\count326
LaTeX Info: Redefining \bmod on input line 905.
LaTeX Info: Redefining \pmod on input line 910.
LaTeX Info: Redefining \smash on input line 940.
LaTeX Info: Redefining \relbar on input line 970.
LaTeX Info: Redefining \Relbar on input line 971.
\c@MaxMatrixCols=\count327
\dotsspace@=\muskip17
\c@parentequation=\count328
\dspbrk@lvl=\count329
\tag@help=\toks35
\row@=\count330
\column@=\count331
\maxfields@=\count332
\andhelp@=\toks36
\eqnshift@=\dimen286
\alignsep@=\dimen287
\tagshift@=\dimen288
\tagwidth@=\dimen289
\totwidth@=\dimen290
\lineht@=\dimen291
\@envbody=\toks37
\multlinegap=\skip60
\multlinetaggap=\skip61
\mathdisplay@stack=\toks38
LaTeX Info: Redefining \[ on input line 2953.
LaTeX Info: Redefining \] on input line 2954.
) (/usr/local/texlive/2023/texmf-dist/tex/latex/amscls/amsthm.sty
Package: amsthm 2020/05/29 v2.20.6
\thm@style=\toks39
\thm@bodyfont=\toks40
\thm@headfont=\toks41
\thm@notefont=\toks42
\thm@headpunct=\toks43
\thm@preskip=\skip62
\thm@postskip=\skip63
\thm@headsep=\skip64
\dth@everypar=\toks44
)
\c@theorem=\count333
) (/usr/local/texlive/2023/texmf-dist/tex/latex/beamer/beamerbasethemes.sty)) (/usr/local/texlive/2023/texmf-dist/tex/latex/beamer/beamerthemedefault.sty (/usr/local/texlive/2023/texmf-dist/tex/latex/beamer/beamerfontthemedefault.sty) (/usr/local/texlive/2023/texmf-dist/tex/latex/beamer/beamercolorthemedefault.sty) (/usr/local/texlive/2023/texmf-dist/tex/latex/beamer/beamerinnerthemedefault.sty
\beamer@dima=\dimen292
\beamer@dimb=\dimen293
) (/usr/local/texlive/2023/texmf-dist/tex/latex/beamer/beamerouterthemedefault.sty))) (/usr/local/texlive/2023/texmf-dist/tex/latex/base/fontenc.sty
Package: fontenc 2021/04/29 v2.0v Standard LaTeX package
) (/usr/local/texlive/2023/texmf-dist/tex/latex/base/inputenc.sty
Package: inputenc 2021/02/14 v1.3d Input encoding file
\inpenc@prehook=\toks45
\inpenc@posthook=\toks46
) (/usr/local/texlive/2023/texmf-dist/tex/latex/lm/lmodern.sty
Package: lmodern 2015/05/01 v1.6.1 Latin Modern Fonts
LaTeX Font Info:    Overwriting symbol font `operators' in version `normal'
(Font)                  OT1/cmr/m/n --> OT1/lmr/m/n on input line 22.
LaTeX Font Info:    Overwriting symbol font `letters' in version `normal'
(Font)                  OML/cmm/m/it --> OML/lmm/m/it on input line 23.
LaTeX Font Info:    Overwriting symbol font `symbols' in version `normal'
(Font)                  OMS/cmsy/m/n --> OMS/lmsy/m/n on input line 24.
LaTeX Font Info:    Overwriting symbol font `largesymbols' in version `normal'
(Font)                  OMX/cmex/m/n --> OMX/lmex/m/n on input line 25.
LaTeX Font Info:    Overwriting symbol font `operators' in version `bold'
(Font)                  OT1/cmr/bx/n --> OT1/lmr/bx/n on input line 26.
LaTeX Font Info:    Overwriting symbol font `letters' in version `bold'
(Font)                  OML/cmm/b/it --> OML/lmm/b/it on input line 27.
LaTeX Font Info:    Overwriting symbol font `symbols' in version `bold'
(Font)                  OMS/cmsy/b/n --> OMS/lmsy/b/n on input line 28.
LaTeX Font Info:    Overwriting symbol font `largesymbols' in version `bold'
(Font)                  OMX/cmex/m/n --> OMX/lmex/m/n on input line 29.
LaTeX Font Info:    Overwriting math alphabet `\mathbf' in version `normal'
(Font)                  OT1/cmr/bx/n --> OT1/lmr/bx/n on input line 31.
LaTeX Font Info:    Overwriting math alphabet `\mathsf' in version `normal'
(Font)                  OT1/cmss/m/n --> OT1/lmss/m/n on input line 32.
LaTeX Font Info:    Overwriting math alphabet `\mathit' in version `normal'
(Font)                  OT1/cmr/m/it --> OT1/lmr/m/it on input line 33.
LaTeX Font Info:    Overwriting math alphabet `\mathtt' in version `normal'
(Font)                  OT1/cmtt/m/n --> OT1/lmtt/m/n on input line 34.
LaTeX Font Info:    Overwriting math alphabet `\mathbf' in version `bold'
(Font)                  OT1/cmr/bx/n --> OT1/lmr/bx/n on input line 35.
LaTeX Font Info:    Overwriting math alphabet `\mathsf' in version `bold'
(Font)                  OT1/cmss/bx/n --> OT1/lmss/bx/n on input line 36.
LaTeX Font Info:    Overwriting math alphabet `\mathit' in version `bold'
(Font)                  OT1/cmr/bx/it --> OT1/lmr/bx/it on input line 37.
LaTeX Font Info:    Overwriting math alphabet `\mathtt' in version `bold'
(Font)                  OT1/cmtt/m/n --> OT1/lmtt/m/n on input line 38.
) (/usr/local/texlive/2023/texmf-dist/tex/latex/setspace/setspace.sty
Package: setspace 2022/12/04 v6.7b set line spacing
) (/usr/local/texlive/2023/texmf-dist/tex/latex/fontawesome/fontawesome.sty
Package: fontawesome 2016/05/15 v4.6.3.1 font awesome icons
 (/usr/local/texlive/2023/texmf-dist/tex/generic/iftex/ifxetex.sty
Package: ifxetex 2019/10/25 v0.7 ifxetex legacy package. Use iftex instead.
) (/usr/local/texlive/2023/texmf-dist/tex/generic/iftex/ifluatex.sty
Package: ifluatex 2019/10/25 v1.5 ifluatex legacy package. Use iftex instead.
) (/usr/local/texlive/2023/texmf-dist/tex/latex/fontawesome/fontawesomesymbols-generic.tex) (/usr/local/texlive/2023/texmf-dist/tex/latex/fontawesome/fontawesomesymbols-pdftex.tex))
LaTeX Font Info:    Trying to load font information for T1+lmss on input line 15.
 (/usr/local/texlive/2023/texmf-dist/tex/latex/lm/t1lmss.fd
File: t1lmss.fd 2015/05/01 v1.6.1 Font defs for Latin Modern
) (/usr/local/texlive/2023/texmf-dist/tex/latex/l3backend/l3backend-pdftex.def
File: l3backend-pdftex.def 2023-01-16 L3 backend support: PDF output (pdfTeX)
\l__color_backend_stack_int=\count334
\l__pdf_internal_box=\box76
) (./presentation.aux)
\openout1 = `presentation.aux'.

LaTeX Font Info:    Checking defaults for OML/cmm/m/it on input line 15.
LaTeX Font Info:    ... okay on input line 15.
LaTeX Font Info:    Checking defaults for OMS/cmsy/m/n on input line 15.
LaTeX Font Info:    ... okay on input line 15.
LaTeX Font Info:    Checking defaults for OT1/cmr/m/n on input line 15.
LaTeX Font Info:    ... okay on input line 15.
LaTeX Font Info:    Checking defaults for T1/cmr/m/n on input line 15.
LaTeX Font Info:    ... okay on input line 15.
LaTeX Font Info:    Checking defaults for TS1/cmr/m/n on input line 15.
LaTeX Font Info:    ... okay on input line 15.
LaTeX Font Info:    Checking defaults for OMX/cmex/m/n on input line 15.
LaTeX Font Info:    ... okay on input line 15.
LaTeX Font Info:    Checking defaults for U/cmr/m/n on input line 15.
LaTeX Font Info:    ... okay on input line 15.
LaTeX Font Info:    Checking defaults for PD1/pdf/m/n on input line 15.
LaTeX Font Info:    ... okay on input line 15.
LaTeX Font Info:    Checking defaults for PU/pdf/m/n on input line 15.
LaTeX Font Info:    ... okay on input line 15.

*geometry* driver: auto-detecting
*geometry* detected driver: pdftex
*geometry* verbose mode - [ preamble ] result:
* driver: pdftex
* paper: custom
* layout: <same size as paper>
* layoutoffset:(h,v)=(0.0pt,0.0pt)
* modes: includehead includefoot 
* h-part:(L,W,R)=(28.45274pt, 307.28987pt, 28.45274pt)
* v-part:(T,H,B)=(0.0pt, 273.14662pt, 0.0pt)
* \paperwidth=364.19536pt
* \paperheight=273.14662pt
* \textwidth=307.28987pt
* \textheight=244.6939pt
* \oddsidemargin=-43.81725pt
* \evensidemargin=-43.81725pt
* \topmargin=-72.26999pt
* \headheight=14.22636pt
* \headsep=0.0pt
* \topskip=10.0pt
* \footskip=14.22636pt
* \marginparwidth=3.0pt
* \marginparsep=11.0pt
* \columnsep=10.0pt
* \skip\footins=9.0pt plus 4.0pt minus 2.0pt
* \hoffset=0.0pt
* \voffset=0.0pt
* \mag=1000
* \@twocolumnfalse
* \@twosidefalse
* \@mparswitchfalse
* \@reversemarginfalse
* (1in=72.27pt=25.4mm, 1cm=28.453pt)

(/usr/local/texlive/2023/texmf-dist/tex/context/base/mkii/supp-pdf.mkii
[Loading MPS to PDF converter (version 2006.09.02).]
\scratchcounter=\count335
\scratchdimen=\dimen294
\scratchbox=\box77
\nofMPsegments=\count336
\nofMParguments=\count337
\everyMPshowfont=\toks47
\MPscratchCnt=\count338
\MPscratchDim=\dimen295
\MPnumerator=\count339
\makeMPintoPDFobject=\count340
\everyMPtoPDFconversion=\toks48
) (/usr/local/texlive/2023/texmf-dist/tex/latex/epstopdf-pkg/epstopdf-base.sty
Package: epstopdf-base 2020-01-24 v2.11 Base part for package epstopdf
Package epstopdf-base Info: Redefining graphics rule for `.eps' on input line 485.
 (/usr/local/texlive/2023/texmf-dist/tex/latex/latexconfig/epstopdf-sys.cfg
File: epstopdf-sys.cfg 2010/07/13 v1.3 Configuration of (r)epstopdf for TeX Live
))
Package hyperref Info: Link coloring OFF on input line 15.
 (./presentation.out) (./presentation.out)
\@outlinefile=\write5
\openout5 = `presentation.out'.

LaTeX Font Info:    Overwriting symbol font `operators' in version `normal'
(Font)                  OT1/lmr/m/n --> OT1/cmss/m/n on input line 15.
LaTeX Font Info:    Overwriting symbol font `operators' in version `bold'
(Font)                  OT1/lmr/bx/n --> OT1/cmss/b/n on input line 15.
LaTeX Font Info:    Overwriting symbol font `operators' in version `normal'
(Font)                  OT1/cmss/m/n --> OT1/lmss/m/n on input line 15.
LaTeX Font Info:    Overwriting symbol font `operators' in version `bold'
(Font)                  OT1/cmss/b/n --> OT1/lmss/b/n on input line 15.
\symnumbers=\mathgroup6
\sympureletters=\mathgroup7
LaTeX Font Info:    Overwriting math alphabet `\mathrm' in version `normal'
(Font)                  OT1/lmss/m/n --> T1/lmr/m/n on input line 15.
LaTeX Font Info:    Redeclaring math alphabet \mathbf on input line 15.
LaTeX Font Info:    Overwriting math alphabet `\mathbf' in version `normal'
(Font)                  OT1/lmr/bx/n --> T1/lmss/b/n on input line 15.
LaTeX Font Info:    Overwriting math alphabet `\mathbf' in version `bold'
(Font)                  OT1/lmr/bx/n --> T1/lmss/b/n on input line 15.
LaTeX Font Info:    Redeclaring math alphabet \mathsf on input line 15.
LaTeX Font Info:    Overwriting math alphabet `\mathsf' in version `normal'
(Font)                  OT1/lmss/m/n --> T1/lmss/m/n on input line 15.
LaTeX Font Info:    Overwriting math alphabet `\mathsf' in version `bold'
(Font)                  OT1/lmss/bx/n --> T1/lmss/m/n on input line 15.
LaTeX Font Info:    Redeclaring math alphabet \mathit on input line 15.
LaTeX Font Info:    Overwriting math alphabet `\mathit' in version `normal'
(Font)                  OT1/lmr/m/it --> T1/lmss/m/it on input line 15.
LaTeX Font Info:    Overwriting math alphabet `\mathit' in version `bold'
(Font)                  OT1/lmr/bx/it --> T1/lmss/m/it on input line 15.
LaTeX Font Info:    Redeclaring math alphabet \mathtt on input line 15.
LaTeX Font Info:    Overwriting math alphabet `\mathtt' in version `normal'
(Font)                  OT1/lmtt/m/n --> T1/lmtt/m/n on input line 15.
LaTeX Font Info:    Overwriting math alphabet `\mathtt' in version `bold'
(Font)                  OT1/lmtt/m/n --> T1/lmtt/m/n on input line 15.
LaTeX Font Info:    Overwriting symbol font `numbers' in version `bold'
(Font)                  T1/lmss/m/n --> T1/lmss/b/n on input line 15.
LaTeX Font Info:    Overwriting symbol font `pureletters' in version `bold'
(Font)                  T1/lmss/m/it --> T1/lmss/b/it on input line 15.
LaTeX Font Info:    Overwriting math alphabet `\mathrm' in version `bold'
(Font)                  OT1/lmss/b/n --> T1/lmr/b/n on input line 15.
LaTeX Font Info:    Overwriting math alphabet `\mathbf' in version `bold'
(Font)                  T1/lmss/b/n --> T1/lmss/b/n on input line 15.
LaTeX Font Info:    Overwriting math alphabet `\mathsf' in version `bold'
(Font)                  T1/lmss/m/n --> T1/lmss/b/n on input line 15.
LaTeX Font Info:    Overwriting math alphabet `\mathit' in version `bold'
(Font)                  T1/lmss/m/it --> T1/lmss/b/it on input line 15.
LaTeX Font Info:    Overwriting math alphabet `\mathtt' in version `bold'
(Font)                  T1/lmtt/m/n --> T1/lmtt/b/n on input line 15.
 (/usr/local/texlive/2023/texmf-dist/tex/latex/translator/translator-basic-dictionary-English.dict
Dictionary: translator-basic-dictionary, Language: English 
) (/usr/local/texlive/2023/texmf-dist/tex/latex/translator/translator-bibliography-dictionary-English.dict
Dictionary: translator-bibliography-dictionary, Language: English 
) (/usr/local/texlive/2023/texmf-dist/tex/latex/translator/translator-environment-dictionary-English.dict
Dictionary: translator-environment-dictionary, Language: English 
) (/usr/local/texlive/2023/texmf-dist/tex/latex/translator/translator-months-dictionary-English.dict
Dictionary: translator-months-dictionary, Language: English 
) (/usr/local/texlive/2023/texmf-dist/tex/latex/translator/translator-numbers-dictionary-English.dict
Dictionary: translator-numbers-dictionary, Language: English 
) (/usr/local/texlive/2023/texmf-dist/tex/latex/translator/translator-theorem-dictionary-English.dict
Dictionary: translator-theorem-dictionary, Language: English 
) (./presentation.nav) [1

{/usr/local/texlive/2023/texmf-var/fonts/map/pdftex/updmap/pdftex.map}{/usr/local/texlive/2023/texmf-dist/fonts/enc/dvips/lm/lm-ec.enc}]
<../manifest/jakub-chojnacki-billennium.jpg, id=43, 848.2089pt x 1274.8428pt>
File: ../manifest/jakub-chojnacki-billennium.jpg Graphic file (type jpg)
<use ../manifest/jakub-chojnacki-billennium.jpg>
Package pdftex.def Info: ../manifest/jakub-chojnacki-billennium.jpg  used on input line 30.
(pdftex.def)             Requested size: 92.1879pt x 138.54077pt.
LaTeX Font Info:    Trying to load font information for OT1+lmss on input line 30.
 (/usr/local/texlive/2023/texmf-dist/tex/latex/lm/ot1lmss.fd
File: ot1lmss.fd 2015/05/01 v1.6.1 Font defs for Latin Modern
)
LaTeX Font Info:    Trying to load font information for OML+lmm on input line 30.
 (/usr/local/texlive/2023/texmf-dist/tex/latex/lm/omllmm.fd
File: omllmm.fd 2015/05/01 v1.6.1 Font defs for Latin Modern
)
LaTeX Font Info:    Trying to load font information for OMS+lmsy on input line 30.
 (/usr/local/texlive/2023/texmf-dist/tex/latex/lm/omslmsy.fd
File: omslmsy.fd 2015/05/01 v1.6.1 Font defs for Latin Modern
)
LaTeX Font Info:    Trying to load font information for OMX+lmex on input line 30.
 (/usr/local/texlive/2023/texmf-dist/tex/latex/lm/omxlmex.fd
File: omxlmex.fd 2015/05/01 v1.6.1 Font defs for Latin Modern
)
LaTeX Font Info:    External font `lmex10' loaded for size
(Font)              <10> on input line 30.
LaTeX Font Info:    External font `lmex10' loaded for size
(Font)              <7> on input line 30.
LaTeX Font Info:    External font `lmex10' loaded for size
(Font)              <5> on input line 30.
LaTeX Font Info:    Trying to load font information for U+msa on input line 30.
 (/usr/local/texlive/2023/texmf-dist/tex/latex/amsfonts/umsa.fd
File: umsa.fd 2013/01/14 v3.01 AMS symbols A
)
LaTeX Font Info:    Trying to load font information for U+msb on input line 30.
 (/usr/local/texlive/2023/texmf-dist/tex/latex/amsfonts/umsb.fd
File: umsb.fd 2013/01/14 v3.01 AMS symbols B
)
LaTeX Font Info:    Font shape `T1/lmss/m/it' in size <10> not available
(Font)              Font shape `T1/lmss/m/sl' tried instead on input line 30.
LaTeX Font Info:    Font shape `T1/lmss/m/it' in size <7> not available
(Font)              Font shape `T1/lmss/m/sl' tried instead on input line 30.
LaTeX Font Info:    Font shape `T1/lmss/m/it' in size <5> not available
(Font)              Font shape `T1/lmss/m/sl' tried instead on input line 30.
<../manifest/logo-ibe.png, id=44, 204.5241pt x 68.1747pt>
File: ../manifest/logo-ibe.png Graphic file (type png)
<use ../manifest/logo-ibe.png>
Package pdftex.def Info: ../manifest/logo-ibe.png  used on input line 30.
(pdftex.def)             Requested size: 107.55098pt x 35.84946pt.
<../manifest/logo-billennium.png, id=45, 652.4375pt x 326.21875pt>
File: ../manifest/logo-billennium.png Graphic file (type png)
<use ../manifest/logo-billennium.png>
Package pdftex.def Info: ../manifest/logo-billennium.png  used on input line 30.
(pdftex.def)             Requested size: 107.55098pt x 53.77399pt.
 [2

 <../manifest/jakub-chojnacki-billennium.jpg> <../manifest/logo-ibe.png> <../manifest/logo-billennium.png>]
<../manifest/marl-engineering.jpg, id=74, 1174.3875pt x 1898.09125pt>
File: ../manifest/marl-engineering.jpg Graphic file (type jpg)
<use ../manifest/marl-engineering.jpg>
Package pdftex.def Info: ../manifest/marl-engineering.jpg  used on input line 52.
(pdftex.def)             Requested size: 122.91406pt x 198.65381pt.
 [3

 <../manifest/marl-engineering.jpg>] [4

] [5

]
LaTeX Font Info:    External font `lmex10' loaded for size
(Font)              <9> on input line 107.
LaTeX Font Info:    External font `lmex10' loaded for size
(Font)              <6> on input line 107.
LaTeX Font Info:    Font shape `T1/lmss/m/it' in size <9> not available
(Font)              Font shape `T1/lmss/m/sl' tried instead on input line 107.
LaTeX Font Info:    Font shape `T1/lmss/m/it' in size <6> not available
(Font)              Font shape `T1/lmss/m/sl' tried instead on input line 107.
<../manifest/definicja-ai.png, id=153, 1027.84pt x 1027.84pt>
File: ../manifest/definicja-ai.png Graphic file (type png)
<use ../manifest/definicja-ai.png>
Package pdftex.def Info: ../manifest/definicja-ai.png  used on input line 107.
(pdftex.def)             Requested size: 122.91406pt x 122.91202pt.
 [6

 <../manifest/definicja-ai.png>]
<../manifest/shannon.png, id=181, 1307.88625pt x 2007.5pt>
File: ../manifest/shannon.png Graphic file (type png)
<use ../manifest/shannon.png>
Package pdftex.def Info: ../manifest/shannon.png  used on input line 141.
(pdftex.def)             Requested size: 122.91406pt x 188.66214pt.
 [7

 <../manifest/shannon.png>]
<../manifest/turing-test.png, id=208, 1027.84pt x 1027.84pt>
File: ../manifest/turing-test.png Graphic file (type png)
<use ../manifest/turing-test.png>
Package pdftex.def Info: ../manifest/turing-test.png  used on input line 164.
(pdftex.def)             Requested size: 122.91406pt x 122.91202pt.
 [8

 <../manifest/turing-test.png>]
<../manifest/entropy.png, id=235, 1027.84pt x 1027.84pt>
File: ../manifest/entropy.png Graphic file (type png)
<use ../manifest/entropy.png>
Package pdftex.def Info: ../manifest/entropy.png  used on input line 186.
(pdftex.def)             Requested size: 122.91406pt x 122.91202pt.
 [9

 <../manifest/entropy.png>]
<../manifest/lisp.png, id=263, 2890.8pt x 2890.8pt>
File: ../manifest/lisp.png Graphic file (type png)
<use ../manifest/lisp.png>
Package pdftex.def Info: ../manifest/lisp.png  used on input line 209.
(pdftex.def)             Requested size: 122.91406pt x 122.89046pt.
 [10

 <../manifest/lisp.png>]
<../manifest/gofai.png, id=290, 1027.84pt x 1027.84pt>
File: ../manifest/gofai.png Graphic file (type png)
<use ../manifest/gofai.png>
Package pdftex.def Info: ../manifest/gofai.png  used on input line 232.
(pdftex.def)             Requested size: 122.91406pt x 122.91202pt.
 [11

 <../manifest/gofai.png>]
<../manifest/ai-winter.png, id=317, 1027.84pt x 1027.84pt>
File: ../manifest/ai-winter.png Graphic file (type png)
<use ../manifest/ai-winter.png>
Package pdftex.def Info: ../manifest/ai-winter.png  used on input line 261.
(pdftex.def)             Requested size: 122.91406pt x 122.91202pt.
 [12

 <../manifest/ai-winter.png>]
<../manifest/ai-winter-plot.png, id=344, 888.31876pt x 517.935pt>
File: ../manifest/ai-winter-plot.png Graphic file (type png)
<use ../manifest/ai-winter-plot.png>
Package pdftex.def Info: ../manifest/ai-winter-plot.png  used on input line 270.
(pdftex.def)             Requested size: 307.28358pt x 179.16194pt.
 [13

 <../manifest/ai-winter-plot.png>]
<../manifest/new-hope.png, id=373, 910.40125pt x 558.085pt>
File: ../manifest/new-hope.png Graphic file (type png)
<use ../manifest/new-hope.png>
Package pdftex.def Info: ../manifest/new-hope.png  used on input line 279.
(pdftex.def)             Requested size: 307.29578pt x 188.37537pt.
 [14

 <../manifest/new-hope.png>] [15

] [16

]
<../manifest/data-growth.png, id=450, 716.6775pt x 620.3175pt>
File: ../manifest/data-growth.png Graphic file (type png)
<use ../manifest/data-growth.png>
Package pdftex.def Info: ../manifest/data-growth.png  used on input line 320.
(pdftex.def)             Requested size: 248.76312pt x 215.31598pt.
LaTeX Font Info:    External font `lmex10' loaded for size
(Font)              <14.4> on input line 320.
LaTeX Font Info:    Font shape `T1/lmss/m/it' in size <14.4> not available
(Font)              Font shape `T1/lmss/m/sl' tried instead on input line 320.
 [17

 <../manifest/data-growth.png>]
<../manifest/tt.png, id=478, 1027.84pt x 1027.84pt>
File: ../manifest/tt.png Graphic file (type png)
<use ../manifest/tt.png>
Package pdftex.def Info: ../manifest/tt.png  used on input line 341.
(pdftex.def)             Requested size: 122.91406pt x 122.91202pt.
 [18

 <../manifest/tt.png>]
<../manifest/human-tiktok.png, id=505, 1027.84pt x 1027.84pt>
File: ../manifest/human-tiktok.png Graphic file (type png)
<use ../manifest/human-tiktok.png>
Package pdftex.def Info: ../manifest/human-tiktok.png  used on input line 363.
(pdftex.def)             Requested size: 122.91406pt x 122.91202pt.
 [19

 <../manifest/human-tiktok.png>]
<../manifest/random-forest.png, id=533, 1027.84pt x 1027.84pt>
File: ../manifest/random-forest.png Graphic file (type png)
<use ../manifest/random-forest.png>
Package pdftex.def Info: ../manifest/random-forest.png  used on input line 384.
(pdftex.def)             Requested size: 122.91406pt x 122.91202pt.
 [20

 <../manifest/random-forest.png>]
<../manifest/nvidia-gpu.png, id=560, 1027.84pt x 1027.84pt>
File: ../manifest/nvidia-gpu.png Graphic file (type png)
<use ../manifest/nvidia-gpu.png>
Package pdftex.def Info: ../manifest/nvidia-gpu.png  used on input line 405.
(pdftex.def)             Requested size: 122.91406pt x 122.91202pt.
 [21

 <../manifest/nvidia-gpu.png>]
<../manifest/cpu-gpu.png, id=588, 1027.84pt x 1027.84pt>
File: ../manifest/cpu-gpu.png Graphic file (type png)
<use ../manifest/cpu-gpu.png>
Package pdftex.def Info: ../manifest/cpu-gpu.png  used on input line 434.
(pdftex.def)             Requested size: 122.91406pt x 122.91202pt.
 [22

 <../manifest/cpu-gpu.png>]
[23

]
<../manifest/perceptron.png, id=640, 1440.38126pt x 761.84625pt>
File: ../manifest/perceptron.png Graphic file (type png)
<use ../manifest/perceptron.png>
Package pdftex.def Info: ../manifest/perceptron.png  used on input line 461.
(pdftex.def)             Requested size: 307.28029pt x 162.52664pt.
 [24

 <../manifest/perceptron.png>]
<../manifest/mlp.png, id=667, 722.7pt x 339.2675pt>
File: ../manifest/mlp.png Graphic file (type png)
<use ../manifest/mlp.png>
Package pdftex.def Info: ../manifest/mlp.png  used on input line 473.
(pdftex.def)             Requested size: 307.2923pt x 144.25665pt.
 [25

 <../manifest/mlp.png>]
<../manifest/nn-switch.png, id=696, 449.68pt x 346.29375pt>
File: ../manifest/nn-switch.png Graphic file (type png)
<use ../manifest/nn-switch.png>
Package pdftex.def Info: ../manifest/nn-switch.png  used on input line 496.
(pdftex.def)             Requested size: 153.64493pt x 118.31955pt.
 [26

 <../manifest/nn-switch.png>]
<../manifest/mlp-features.png, id=723, 758.835pt x 352.31625pt>
File: ../manifest/mlp-features.png Graphic file (type png)
<use ../manifest/mlp-features.png>
Package pdftex.def Info: ../manifest/mlp-features.png  used on input line 508.
(pdftex.def)             Requested size: 307.29176pt x 142.67116pt.
 [27

 <../manifest/mlp-features.png>]
<../manifest/cat.png, id=750, 462.72874pt x 400.49625pt>
File: ../manifest/cat.png Graphic file (type png)
<use ../manifest/cat.png>
Package pdftex.def Info: ../manifest/cat.png  used on input line 520.
(pdftex.def)             Requested size: 217.68024pt x 188.40437pt.
 [28

 <../manifest/cat.png>] [29

] [30

]
<../manifest/ml-dl.jpg, id=828, 869.4081pt x 857.8449pt>
File: ../manifest/ml-dl.jpg Graphic file (type jpg)
<use ../manifest/ml-dl.jpg>
Package pdftex.def Info: ../manifest/ml-dl.jpg  used on input line 570.
(pdftex.def)             Requested size: 122.91406pt x 121.27553pt.
 [31

 <../manifest/ml-dl.jpg>]
<../manifest/ml-types.png, id=855, 896.34875pt x 782.925pt>
File: ../manifest/ml-types.png Graphic file (type png)
<use ../manifest/ml-types.png>
Package pdftex.def Info: ../manifest/ml-types.png  used on input line 582.
(pdftex.def)             Requested size: 215.68886pt x 188.39565pt.
 [32

 <../manifest/ml-types.png>]
LaTeX Font Info:    Trying to load font information for U+fontawesometwo on input line 598.
 (/usr/local/texlive/2023/texmf-dist/tex/latex/fontawesome/ufontawesometwo.fd
File: ufontawesometwo.fd 2016/05/22 Font definitions for U/fontawesometwo.
) [33

{/usr/local/texlive/2023/texmf-dist/fonts/enc/dvips/fontawesome/fontawesometwo.enc}]
File: ../manifest/ml-dl.jpg Graphic file (type jpg)
<use ../manifest/ml-dl.jpg>
Package pdftex.def Info: ../manifest/ml-dl.jpg  used on input line 620.
(pdftex.def)             Requested size: 122.91406pt x 121.27553pt.
 [34

]
<../manifest/transformer.png, id=934, 532.99126pt x 713.66624pt>
File: ../manifest/transformer.png Graphic file (type png)
<use ../manifest/transformer.png>
Package pdftex.def Info: ../manifest/transformer.png  used on input line 641.
(pdftex.def)             Requested size: 122.91406pt x 164.57536pt.
 [35

 <../manifest/transformer.png>]
<../manifest/deep-learning.png, id=961, 1650.165pt x 883.3pt>
File: ../manifest/deep-learning.png Graphic file (type png)
<use ../manifest/deep-learning.png>
Package pdftex.def Info: ../manifest/deep-learning.png  used on input line 650.
(pdftex.def)             Requested size: 307.2901pt x 164.48618pt.
 [36

 <../manifest/deep-learning.png>]
<../manifest/yolo.png, id=987, 955.57pt x 684.5575pt>
File: ../manifest/yolo.png Graphic file (type png)
<use ../manifest/yolo.png>
Package pdftex.def Info: ../manifest/yolo.png  used on input line 659.
(pdftex.def)             Requested size: 300.55414pt x 215.31294pt.
 [37

 <../manifest/yolo.png>] [38

]
<../manifest/sl-intuition.png, id=1042, 1405.25pt x 1053.9375pt>
File: ../manifest/sl-intuition.png Graphic file (type png)
<use ../manifest/sl-intuition.png>
Package pdftex.def Info: ../manifest/sl-intuition.png  used on input line 695.
(pdftex.def)             Requested size: 153.64493pt x 115.22588pt.
 [39

 <../manifest/sl-intuition.png>] [40

]
<../manifest/regression-classification-1.png, id=1094, 627.34375pt x 349.305pt>
File: ../manifest/regression-classification-1.png Graphic file (type png)
<use ../manifest/regression-classification-1.png>
Package pdftex.def Info: ../manifest/regression-classification-1.png  used on input line 735.
(pdftex.def)             Requested size: 307.29582pt x 171.10231pt.
 [41

 <../manifest/regression-classification-1.png>]
<../manifest/regression-classification-2.png, id=1121, 777.90625pt x 627.34375pt>
File: ../manifest/regression-classification-2.png Graphic file (type png)
<use ../manifest/regression-classification-2.png>
Package pdftex.def Info: ../manifest/regression-classification-2.png  used on input line 744.
(pdftex.def)             Requested size: 266.98917pt x 215.31384pt.
 [42

 <../manifest/regression-classification-2.png (PNG copy)>] [43

]
<../manifest/labelled-data.png, id=1174, 660.4675pt x 256.96pt>
File: ../manifest/labelled-data.png Graphic file (type png)
<use ../manifest/labelled-data.png>
Package pdftex.def Info: ../manifest/labelled-data.png  used on input line 767.
(pdftex.def)             Requested size: 307.29561pt x 119.55573pt.
 [44

 <../manifest/labelled-data.png>]
<../manifest/r-f-p-1.png, id=1201, 528.97626pt x 253.94875pt>
File: ../manifest/r-f-p-1.png Graphic file (type png)
<use ../manifest/r-f-p-1.png>
Package pdftex.def Info: ../manifest/r-f-p-1.png  used on input line 791.
(pdftex.def)             Requested size: 184.3758pt x 88.51526pt.
 [45

 <../manifest/r-f-p-1.png>]
<../manifest/r-f-p-2.png, id=1228, 645.41125pt x 297.11pt>
File: ../manifest/r-f-p-2.png Graphic file (type png)
<use ../manifest/r-f-p-2.png>
Package pdftex.def Info: ../manifest/r-f-p-2.png  used on input line 800.
(pdftex.def)             Requested size: 307.2826pt x 141.45512pt.
 [46

 <../manifest/r-f-p-2.png>]
<../manifest/r-f-p-3.png, id=1256, 596.2275pt x 258.9675pt>
File: ../manifest/r-f-p-3.png Graphic file (type png)
<use ../manifest/r-f-p-3.png>
Package pdftex.def Info: ../manifest/r-f-p-3.png  used on input line 809.
(pdftex.def)             Requested size: 307.29259pt x 133.4705pt.
 [47

 <../manifest/r-f-p-3.png>]
<../manifest/real-estate.png, id=1283, 1027.84pt x 1027.84pt>
File: ../manifest/real-estate.png Graphic file (type png)
<use ../manifest/real-estate.png>
Package pdftex.def Info: ../manifest/real-estate.png  used on input line 821.
(pdftex.def)             Requested size: 188.39085pt x 188.39085pt.
 [48

 <../manifest/real-estate.png>]
<../manifest/estate-data-raw.png, id=1310, 500.87125pt x 225.84375pt>
File: ../manifest/estate-data-raw.png Graphic file (type png)
<use ../manifest/estate-data-raw.png>
Package pdftex.def Info: ../manifest/estate-data-raw.png  used on input line 833.
(pdftex.def)             Requested size: 307.30411pt x 138.56396pt.
 [49

 <../manifest/estate-data-raw.png>]
<../manifest/estate-remember.png, id=1338, 640.3925pt x 344.28625pt>
File: ../manifest/estate-remember.png Graphic file (type png)
<use ../manifest/estate-remember.png>
Package pdftex.def Info: ../manifest/estate-remember.png  used on input line 845.
(pdftex.def)             Requested size: 307.29695pt x 165.20824pt.
 [50

 <../manifest/estate-remember.png>]
<../manifest/estate-formulate.png, id=1366, 642.4pt x 343.2825pt>
File: ../manifest/estate-formulate.png Graphic file (type png)
<use ../manifest/estate-formulate.png>
Package pdftex.def Info: ../manifest/estate-formulate.png  used on input line 857.
(pdftex.def)             Requested size: 307.29967pt x 164.21324pt.
 [51

 <../manifest/estate-formulate.png>]
<../manifest/estate-data.png, id=1393, 461.725pt x 256.96pt>
File: ../manifest/estate-data.png Graphic file (type png)
<use ../manifest/estate-data.png>
Package pdftex.def Info: ../manifest/estate-data.png  used on input line 869.
(pdftex.def)             Requested size: 307.28986pt x 171.01347pt.
 [52

 <../manifest/estate-data.png>]
File: ../manifest/estate-data.png Graphic file (type png)
<use ../manifest/estate-data.png>
Package pdftex.def Info: ../manifest/estate-data.png  used on input line 889.
(pdftex.def)             Requested size: 153.64493pt x 85.50673pt.
File: ../manifest/estate-formulate.png Graphic file (type png)
<use ../manifest/estate-formulate.png>
Package pdftex.def Info: ../manifest/estate-formulate.png  used on input line 889.
(pdftex.def)             Requested size: 153.64493pt x 82.10138pt.
 [53

]
<../manifest/estate-predict.png, id=1445, 670.505pt x 340.27126pt>
File: ../manifest/estate-predict.png Graphic file (type png)
<use ../manifest/estate-predict.png>
Package pdftex.def Info: ../manifest/estate-predict.png  used on input line 901.
(pdftex.def)             Requested size: 307.29016pt x 155.94514pt.
 [54

 <../manifest/estate-predict.png>]
File: ../manifest/perceptron.png Graphic file (type png)
<use ../manifest/perceptron.png>
Package pdftex.def Info: ../manifest/perceptron.png  used on input line 925.
(pdftex.def)             Requested size: 184.3758pt x 97.509pt.
 [55

{/usr/local/texlive/2023/texmf-dist/fonts/enc/dvips/lm/lm-mathex.enc}{/usr/local/texlive/2023/texmf-dist/fonts/enc/dvips/lm/lm-rm.enc}]
<../manifest/no-activation.png, id=1505, 585.18625pt x 286.06876pt>
File: ../manifest/no-activation.png Graphic file (type png)
<use ../manifest/no-activation.png>
Package pdftex.def Info: ../manifest/no-activation.png  used on input line 937.
(pdftex.def)             Requested size: 307.29881pt x 150.22327pt.
 [56

 <../manifest/no-activation.png>]
<../manifest/linear-data.png, id=1532, 248.93pt x 242.9075pt>
File: ../manifest/linear-data.png Graphic file (type png)
<use ../manifest/linear-data.png>
Package pdftex.def Info: ../manifest/linear-data.png  used on input line 949.
(pdftex.def)             Requested size: 193.07068pt x 188.39961pt.
 [57

 <../manifest/linear-data.png>]
<../manifest/non-linear-data.png, id=1559, 251.94125pt x 241.90375pt>
File: ../manifest/non-linear-data.png Graphic file (type png)
<use ../manifest/non-linear-data.png>
Package pdftex.def Info: ../manifest/non-linear-data.png  used on input line 961.
(pdftex.def)             Requested size: 196.2289pt x 188.41101pt.
 [58

 <../manifest/non-linear-data.png>]
<../manifest/activation.png, id=1586, 591.20876pt x 290.08376pt>
File: ../manifest/activation.png Graphic file (type png)
<use ../manifest/activation.png>
Package pdftex.def Info: ../manifest/activation.png  used on input line 973.
(pdftex.def)             Requested size: 307.295pt x 150.77802pt.
 [59

 <../manifest/activation.png>]
<../manifest/step-non-linear.png, id=1614, 669.50125pt x 358.33875pt>
File: ../manifest/step-non-linear.png Graphic file (type png)
<use ../manifest/step-non-linear.png>
Package pdftex.def Info: ../manifest/step-non-linear.png  used on input line 985.
(pdftex.def)             Requested size: 307.30008pt x 164.47694pt.
 [60

 <../manifest/step-non-linear.png>]
<../manifest/non-linear.png, id=1641, 632.3625pt x 249.93375pt>
File: ../manifest/non-linear.png Graphic file (type png)
<use ../manifest/non-linear.png>
Package pdftex.def Info: ../manifest/non-linear.png  used on input line 997.
(pdftex.def)             Requested size: 307.29369pt x 121.45416pt.
 [61

 <../manifest/non-linear.png>]
<../manifest/separation.png, id=1669, 1121.18875pt x 765.86125pt>
File: ../manifest/separation.png Graphic file (type png)
<use ../manifest/separation.png>
Package pdftex.def Info: ../manifest/separation.png  used on input line 1009.
(pdftex.def)             Requested size: 275.7971pt x 188.39139pt.
 [62

 <../manifest/separation.png>] [63

]
<../manifest/bad-model.png, id=1722, 1027.84pt x 1027.84pt>
File: ../manifest/bad-model.png Graphic file (type png)
<use ../manifest/bad-model.png>
Package pdftex.def Info: ../manifest/bad-model.png  used on input line 1032.
(pdftex.def)             Requested size: 215.31952pt x 215.31952pt.
 [64

 <../manifest/bad-model.png>]
<../manifest/errors.png, id=1749, 650.43pt x 215.80624pt>
File: ../manifest/errors.png Graphic file (type png)
<use ../manifest/errors.png>
Package pdftex.def Info: ../manifest/errors.png  used on input line 1042.
(pdftex.def)             Requested size: 307.30002pt x 101.9591pt.
 [65

 <../manifest/errors.png>]
<../manifest/l1.png, id=1776, 644.4075pt x 193.72375pt>
File: ../manifest/l1.png Graphic file (type png)
<use ../manifest/l1.png>
Package pdftex.def Info: ../manifest/l1.png  used on input line 1064.
(pdftex.def)             Requested size: 184.3758pt x 55.42761pt.
 [66

 <../manifest/l1.png>]
<../manifest/l2.png, id=1803, 656.4525pt x 252.945pt>
File: ../manifest/l2.png Graphic file (type png)
<use ../manifest/l2.png>
Package pdftex.def Info: ../manifest/l2.png  used on input line 1085.
(pdftex.def)             Requested size: 184.3758pt x 71.04411pt.
 [67

 <../manifest/l2.png>]
<../manifest/points-move.png, id=1832, 684.5575pt x 316.18124pt>
File: ../manifest/points-move.png Graphic file (type png)
<use ../manifest/points-move.png>
Package pdftex.def Info: ../manifest/points-move.png  used on input line 1095.
(pdftex.def)             Requested size: 307.29594pt x 141.93288pt.
 [68

 <../manifest/points-move.png>]
<../manifest/error-optim.png, id=1859, 636.3775pt x 297.11pt>
File: ../manifest/error-optim.png Graphic file (type png)
<use ../manifest/error-optim.png>
Package pdftex.def Info: ../manifest/error-optim.png  used on input line 1105.
(pdftex.def)             Requested size: 307.28326pt x 143.46347pt.
 [69

 <../manifest/error-optim.png>] [70

] [71

]
\tf@nav=\write6
\openout6 = `presentation.nav'.

\tf@toc=\write7
\openout7 = `presentation.toc'.

\tf@snm=\write8
\openout8 = `presentation.snm'.

 (./presentation.aux)
Package rerunfilecheck Info: File `presentation.out' has not changed.
(rerunfilecheck)             Checksum: D41D8CD98F00B204E9800998ECF8427E;0.
 ) 
Here is how much of TeX's memory you used:
 24227 strings out of 476025
 464425 string characters out of 5790017
 1861388 words of memory out of 5000000
 43974 multiletter control sequences out of 15000+600000
 578479 words of font info for 81 fonts, out of 8000000 for 9000
 1141 hyphenation exceptions out of 8191
 128i,14n,122p,411b,719s stack positions out of 10000i,1000n,20000p,200000b,200000s
</usr/local/texlive/2023/texmf-dist/fonts/type1/public/fontawesome/FontAwesome.pfb></usr/local/texlive/2023/texmf-dist/fonts/type1/public/lm/lmex10.pfb></usr/local/texlive/2023/texmf-dist/fonts/type1/public/lm/lmss10.pfb></usr/local/texlive/2023/texmf-dist/fonts/type1/public/lm/lmss12.pfb></usr/local/texlive/2023/texmf-dist/fonts/type1/public/lm/lmss17.pfb></usr/local/texlive/2023/texmf-dist/fonts/type1/public/lm/lmss8.pfb></usr/local/texlive/2023/texmf-dist/fonts/type1/public/lm/lmss9.pfb></usr/local/texlive/2023/texmf-dist/fonts/type1/public/lm/lmssbx10.pfb></usr/local/texlive/2023/texmf-dist/fonts/type1/public/lm/lmsso10.pfb></usr/local/texlive/2023/texmf-dist/fonts/type1/public/lm/lmsso8.pfb></usr/local/texlive/2023/texmf-dist/fonts/type1/public/amsfonts/symbols/msam10.pfb>
Output written on presentation.pdf (71 pages, 32966213 bytes).
PDF statistics:
 2022 PDF objects out of 2073 (max. 8388607)
 1797 compressed objects within 18 object streams
 143 named destinations out of 1000 (max. 500000)
 318 words of extra memory for PDF output out of 10000 (max. 10000000)

